{
  "RSpec": {
    "coverage": {
      "/home/charlesbraga/Documentos/Estudos/Projetos/point-check-app/app/models/company.rb": {
        "lines": [
          null,
          null,
          1,
          1,
          1,
          null
        ]
      },
      "/home/charlesbraga/Documentos/Estudos/Projetos/point-check-app/app/models/application_record.rb": {
        "lines": [
          null,
          null,
          1,
          1,
          null
        ]
      },
      "/home/charlesbraga/Documentos/Estudos/Projetos/point-check-app/app/models/user.rb": {
        "lines": [
          null,
          null,
          1,
          1,
          1,
          1,
          null,
          1,
          1,
          null,
          1,
          null,
          1,
          27,
          null,
          null
        ]
      },
      "/home/charlesbraga/Documentos/Estudos/Projetos/point-check-app/app/services/authentication_service.rb": {
        "lines": [
          null,
          null,
          1,
          1,
          null,
          1,
          null,
          1,
          1,
          1,
          1,
          null,
          null,
          1,
          1,
          1,
          1,
          null,
          0,
          null,
          null,
          null,
          1,
          null,
          1,
          null,
          1,
          null,
          null,
          null,
          null,
          null,
          null,
          null,
          1,
          1,
          1,
          null,
          null,
          1,
          0,
          0,
          null,
          null
        ]
      },
      "/home/charlesbraga/Documentos/Estudos/Projetos/point-check-app/app/controllers/welcome_controller.rb": {
        "lines": [
          null,
          null,
          1,
          1,
          null,
          1,
          2,
          null,
          null
        ]
      },
      "/home/charlesbraga/Documentos/Estudos/Projetos/point-check-app/app/controllers/application_controller.rb": {
        "lines": [
          null,
          null,
          1,
          1,
          null,
          1,
          1,
          null,
          null,
          1,
          2,
          null,
          null,
          1,
          11,
          null,
          11,
          null,
          11,
          1,
          1,
          null,
          null,
          null,
          1,
          null,
          1,
          11,
          11,
          null,
          null,
          1,
          12,
          null,
          null
        ]
      },
      "/home/charlesbraga/Documentos/Estudos/Projetos/point-check-app/app/controllers/users_controller.rb": {
        "lines": [
          null,
          null,
          1,
          1,
          1,
          null,
          1,
          null,
          null,
          1,
          1,
          1,
          null,
          null,
          null,
          1,
          1,
          null,
          null,
          null,
          1,
          2,
          2,
          1,
          null,
          1,
          null,
          null,
          null,
          null,
          1,
          2,
          1,
          null,
          1,
          null,
          null,
          null,
          null,
          1,
          1,
          1,
          null,
          null,
          1,
          null,
          1,
          6,
          null,
          null,
          1,
          6,
          null,
          null,
          1,
          2,
          null,
          null
        ]
      },
      "/home/charlesbraga/Documentos/Estudos/Projetos/point-check-app/app/models/ability.rb": {
        "lines": [
          null,
          null,
          1,
          1,
          null,
          1,
          8,
          null,
          8,
          8,
          null,
          7,
          null,
          null,
          null
        ]
      },
      "/home/charlesbraga/Documentos/Estudos/Projetos/point-check-app/app/jbuilders/user_jbuilder.rb": {
        "lines": [
          null,
          null,
          1,
          1,
          10,
          10,
          10,
          10,
          10,
          null,
          null,
          null,
          null,
          1,
          null,
          1,
          null,
          10,
          null,
          null,
          null
        ]
      },
      "/home/charlesbraga/Documentos/Estudos/Projetos/point-check-app/app/jbuilders/base_jbuilder.rb": {
        "lines": [
          null,
          null,
          1,
          1,
          null,
          1,
          14,
          14,
          null,
          null,
          1,
          14,
          1,
          null,
          13,
          null,
          null,
          null,
          1,
          null,
          1,
          1,
          null,
          8,
          null,
          null,
          1,
          13,
          null,
          3,
          null,
          null,
          1,
          0,
          0,
          0,
          null,
          null,
          null,
          1,
          4,
          null,
          4,
          null,
          null,
          1,
          4,
          8,
          null,
          3,
          null,
          4,
          null,
          11,
          14,
          null,
          null,
          1,
          10,
          10,
          null,
          10,
          10,
          null,
          null,
          null,
          1,
          null,
          1,
          1,
          1,
          1,
          null,
          null,
          null
        ]
      },
      "/home/charlesbraga/Documentos/Estudos/Projetos/point-check-app/app/jbuilders/company_jbuilder.rb": {
        "lines": [
          null,
          null,
          1,
          1,
          10,
          10,
          10,
          10,
          10,
          null,
          null,
          null,
          null
        ]
      },
      "/home/charlesbraga/Documentos/Estudos/Projetos/point-check-app/app/adapters/pagination_adapter.rb": {
        "lines": [
          null,
          null,
          1,
          1,
          null,
          1,
          1,
          null,
          null,
          1,
          null,
          1,
          3,
          null,
          null,
          1,
          2,
          null,
          null,
          1,
          1,
          null,
          null,
          1,
          1,
          null,
          null,
          1,
          1,
          null,
          null
        ]
      },
      "/home/charlesbraga/Documentos/Estudos/Projetos/point-check-app/app/controllers/authentications_controller.rb": {
        "lines": [
          null,
          null,
          1,
          1,
          null,
          1,
          2,
          2,
          1,
          null,
          1,
          null,
          null,
          null,
          1,
          null,
          1,
          4,
          null,
          null,
          1,
          1,
          1,
          null,
          null,
          null,
          null,
          null,
          null
        ]
      },
      "/home/charlesbraga/Documentos/Estudos/Projetos/point-check-app/app/channels/application_cable/channel.rb": {
        "lines": [
          null,
          null,
          0,
          0,
          0,
          0
        ],
        "branches": {
        }
      },
      "/home/charlesbraga/Documentos/Estudos/Projetos/point-check-app/app/channels/application_cable/connection.rb": {
        "lines": [
          null,
          null,
          0,
          0,
          0,
          0
        ],
        "branches": {
        }
      },
      "/home/charlesbraga/Documentos/Estudos/Projetos/point-check-app/app/exceptions/response_code_exception.rb": {
        "lines": [
          null,
          null,
          null,
          null,
          null,
          null,
          null,
          null,
          null
        ],
        "branches": {
        }
      },
      "/home/charlesbraga/Documentos/Estudos/Projetos/point-check-app/app/jobs/application_job.rb": {
        "lines": [
          null,
          null,
          0,
          null,
          null,
          null,
          null,
          null,
          0
        ],
        "branches": {
        }
      },
      "/home/charlesbraga/Documentos/Estudos/Projetos/point-check-app/app/mailers/application_mailer.rb": {
        "lines": [
          null,
          null,
          0,
          0,
          0,
          0
        ],
        "branches": {
        }
      },
      "/home/charlesbraga/Documentos/Estudos/Projetos/point-check-app/app/models/paginate.rb": {
        "lines": [
          null,
          null,
          0,
          0,
          0,
          0
        ],
        "branches": {
        }
      }
    },
    "timestamp": 1670437417
  }
}
